Starting Jedi Python language engine.
##########Linting Output - pylint##########
##########Linting Output - pylint##########

------------------------------------
Your code has been rated at 10.00/10

##########Linting Output - pylint##########
##########Linting Output - pylint##########
************* Module aur
20,15,error,undefined-variable:Undefined variable 'urllib'
20,38,error,undefined-variable:Undefined variable 'aur_rpc_url'
22,19,error,undefined-variable:Undefined variable 'json'
19,4,warning,unused-variable:Unused variable 'aur_package_url'

-----------------------------------
Your code has been rated at 3.04/10

##########Linting Output - pylint##########
************* Module aur-update-checker
7,23,error,undefined-variable:Undefined variable 'aur_directory'
9,21,error,undefined-variable:Undefined variable 'aur_directory'

-------------------------------------------------------------------
Your code has been rated at 2.31/10 (previous run: 10.00/10, -7.69)

##########Linting Output - pylint##########
************* Module aur
3,0,error,syntax-error:invalid syntax (<unknown>, line 3)
##########Linting Output - pylint##########
************* Module aur
4,0,error,syntax-error:invalid syntax (<unknown>, line 4)
##########Linting Output - pylint##########
************* Module aur
5,0,error,syntax-error:invalid syntax (<unknown>, line 5)
##########Linting Output - pylint##########
************* Module aur
5,4,warning,unused-variable:Unused variable 'aur_directory'

------------------------------------------------------------------
Your code has been rated at 9.63/10 (previous run: 3.04/10, +6.59)

##########Linting Output - pylint##########

-------------------------------------------------------------------
Your code has been rated at 10.00/10 (previous run: 9.63/10, +0.37)

##########Linting Output - pylint##########
************* Module aur-update-checker
6,0,error,syntax-error:unexpected indent (<unknown>, line 6)
##########Linting Output - pylint##########
************* Module aur-update-checker
11,21,error,undefined-variable:Undefined variable 'aur_directory'

------------------------------------------------------------------
Your code has been rated at 6.43/10 (previous run: 2.31/10, +4.12)

##########Linting Output - pylint##########

--------------------------------------------------------------------
Your code has been rated at 10.00/10 (previous run: 10.00/10, +0.00)

##########Linting Output - pylint##########

-------------------------------------------------------------------
Your code has been rated at 10.00/10 (previous run: 6.43/10, +3.57)

##########Linting Output - pylint##########

--------------------------------------------------------------------
Your code has been rated at 10.00/10 (previous run: 10.00/10, +0.00)

##########Linting Output - pylint##########

--------------------------------------------------------------------
Your code has been rated at 10.00/10 (previous run: 10.00/10, +0.00)

##########Linting Output - pylint##########
************* Module aur
34,0,error,syntax-error:unexpected EOF while parsing (<unknown>, line 34)
##########Linting Output - pylint##########
************* Module aur-update-checker
2,0,error,syntax-error:Cannot import 'aur' due to syntax error 'unexpected EOF while parsing (<unknown>, line 34)'

-------------------------------------------------------------------
Your code has been rated at 5.83/10 (previous run: 10.00/10, -4.17)

##########Linting Output - pylint##########

--------------------------------------------------------------------
Your code has been rated at 10.00/10 (previous run: 10.00/10, +0.00)

##########Linting Output - pylint##########

------------------------------------
Your code has been rated at 10.00/10

##########Linting Output - pylint##########

--------------------------------------------------------------------
Your code has been rated at 10.00/10 (previous run: 10.00/10, +0.00)

##########Linting Output - pylint##########
************* Module aur
11,14,error,undefined-variable:Undefined variable 'pkgbuild_file_path'
10,4,warning,unused-variable:Unused variable 'pkg_build_file'

-------------------------------------------------------------------
Your code has been rated at 8.00/10 (previous run: 10.00/10, -2.00)

##########Linting Output - pylint##########

-------------------------------------------------------------------
Your code has been rated at 10.00/10 (previous run: 5.83/10, +4.17)

##########Linting Output - pylint##########
************* Module aur
11,14,error,undefined-variable:Undefined variable 'pkgbuild_file_path'
10,4,warning,unused-variable:Unused variable 'pkg_build_file_path'

------------------------------------------------------------------
Your code has been rated at 8.00/10 (previous run: 8.00/10, +0.00)

##########Linting Output - pylint##########

-------------------------------------------------------------------
Your code has been rated at 10.00/10 (previous run: 8.00/10, +2.00)

##########Linting Output - pylint##########
************* Module aur
5,0,error,syntax-error:invalid syntax (<unknown>, line 5)
##########Linting Output - pylint##########
************* Module aur
42,4,error,undefined-variable:Undefined variable 'git'
43,4,error,undefined-variable:Undefined variable 'git'
44,4,error,undefined-variable:Undefined variable 'git'

-------------------------------------------------------------------
Your code has been rated at 6.15/10 (previous run: 10.00/10, -3.85)

##########Linting Output - pylint##########
************* Module aur
42,4,error,undefined-variable:Undefined variable 'git'
43,4,error,undefined-variable:Undefined variable 'git'
44,4,error,undefined-variable:Undefined variable 'git'

------------------------------------------------------------------
Your code has been rated at 6.15/10 (previous run: 6.15/10, +0.00)

##########Linting Output - pylint##########
************* Module aur
42,4,error,undefined-variable:Undefined variable 'git'
43,4,error,undefined-variable:Undefined variable 'git'
44,4,error,undefined-variable:Undefined variable 'git'

------------------------------------------------------------------
Your code has been rated at 6.15/10 (previous run: 6.15/10, +0.00)

##########Linting Output - pylint##########
************* Module aur
42,4,error,undefined-variable:Undefined variable 'git'
43,4,error,undefined-variable:Undefined variable 'git'
44,4,error,undefined-variable:Undefined variable 'git'

------------------------------------------------------------------
Your code has been rated at 6.15/10 (previous run: 6.15/10, +0.00)

##########Linting Output - pylint##########

-------------------------------------------------------------------
Your code has been rated at 10.00/10 (previous run: 6.15/10, +3.85)

##########Linting Output - pylint##########
************* Module aur
41,8,error,undefined-variable:Undefined variable 'Git'

-------------------------------------------------------------------
Your code has been rated at 8.72/10 (previous run: 10.00/10, -1.28)

##########Linting Output - pylint##########

-------------------------------------------------------------------
Your code has been rated at 10.00/10 (previous run: 8.72/10, +1.28)

##########Linting Output - pylint##########

--------------------------------------------------------------------
Your code has been rated at 10.00/10 (previous run: 10.00/10, +0.00)

##########Linting Output - pylint##########

--------------------------------------------------------------------
Your code has been rated at 10.00/10 (previous run: 10.00/10, +0.00)

##########Linting Output - pylint##########

--------------------------------------------------------------------
Your code has been rated at 10.00/10 (previous run: 10.00/10, +0.00)

##########Linting Output - pylint##########

--------------------------------------------------------------------
Your code has been rated at 10.00/10 (previous run: 10.00/10, +0.00)

##########Linting Output - pylint##########

--------------------------------------------------------------------
Your code has been rated at 10.00/10 (previous run: 10.00/10, +0.00)

##########Linting Output - pylint##########

--------------------------------------------------------------------
Your code has been rated at 10.00/10 (previous run: 10.00/10, +0.00)

##########Linting Output - pylint##########

--------------------------------------------------------------------
Your code has been rated at 10.00/10 (previous run: 10.00/10, +0.00)

##########Linting Output - pylint##########

--------------------------------------------------------------------
Your code has been rated at 10.00/10 (previous run: 10.00/10, +0.00)

##########Linting Output - pylint##########

--------------------------------------------------------------------
Your code has been rated at 10.00/10 (previous run: 10.00/10, +0.00)

##########Linting Output - pylint##########
************* Module aur
49,0,error,syntax-error:unexpected EOF while parsing (<unknown>, line 49)
##########Linting Output - pylint##########
##########Linting Output - pylint##########
************* Module aur-update-checker
2,0,error,syntax-error:Cannot import 'aur' due to syntax error 'unexpected EOF while parsing (<unknown>, line 49)'

-------------------------------------------------------------------
Your code has been rated at 5.00/10 (previous run: 10.00/10, -5.00)

##########Linting Output - pylint##########
************* Module aur
51,4,error,no-value-for-parameter:No value for argument 'path' in method call
50,4,warning,unused-variable:Unused variable 'g'

-------------------------------------------------------------------
Your code has been rated at 8.67/10 (previous run: 10.00/10, -1.33)

##########Linting Output - pylint##########
************* Module aur
50,4,warning,unused-variable:Unused variable 'g'

------------------------------------------------------------------
Your code has been rated at 9.78/10 (previous run: 8.67/10, +1.11)

##########Linting Output - pylint##########

-------------------------------------------------------------------
Your code has been rated at 10.00/10 (previous run: 9.78/10, +0.22)

##########Linting Output - pylint##########

--------------------------------------------------------------------
Your code has been rated at 10.00/10 (previous run: 10.00/10, +0.00)

##########Linting Output - pylint##########

--------------------------------------------------------------------
Your code has been rated at 10.00/10 (previous run: 10.00/10, +0.00)

##########Linting Output - pylint##########

--------------------------------------------------------------------
Your code has been rated at 10.00/10 (previous run: 10.00/10, +0.00)

##########Linting Output - pylint##########
************* Module aur
46,0,error,syntax-error:invalid syntax (<unknown>, line 46)
##########Linting Output - pylint##########

--------------------------------------------------------------------
Your code has been rated at 10.00/10 (previous run: 10.00/10, +0.00)

##########Linting Output - pylint##########

--------------------------------------------------------------------
Your code has been rated at 10.00/10 (previous run: 10.00/10, +0.00)

