[2019-03-09 21:33:45.375] [sharedprocess] [info] main {"machineId":"00c6937e8788c51124537c3c93d99848fd1e1a4baffab21054f57465fbbf8338"}
[2019-03-09 21:33:45.436] [sharedprocess] [info] Scanned user extensions: 0
[2019-03-09 21:33:45.446] [sharedprocess] [info] Scanned user extensions: 0
[2019-03-09 21:33:45.489] [sharedprocess] [info] Scanned system extensions: 71
[2019-03-09 21:33:45.492] [sharedprocess] [info] Scanned system extensions: 71
[2019-03-09 21:33:46.131] [sharedprocess] [info] Scanned user extensions: 0
[2019-03-09 21:34:25.382] [sharedprocess] [info] Starting to clean up unused language packs.
[2019-03-09 21:38:46.142] [sharedprocess] [info] Scanned user extensions: 0
[2019-03-09 21:40:49.065] [sharedprocess] [info] Scanned user extensions: 0
[2019-03-09 21:40:49.068] [sharedprocess] [info] Scanned user extensions: 0
[2019-03-09 21:40:49.070] [sharedprocess] [info] Scanned user extensions: 0
[2019-03-09 21:40:49.077] [sharedprocess] [info] Scanned user extensions: 0
[2019-03-09 21:40:49.167] [sharedprocess] [info] Scanned system extensions: 71
[2019-03-09 21:40:49.173] [sharedprocess] [info] Scanned system extensions: 71
[2019-03-09 21:40:49.177] [sharedprocess] [info] Scanned system extensions: 71
[2019-03-09 21:40:55.698] [sharedprocess] [info] Installing extension: ms-python.python
[2019-03-09 21:40:55.702] [sharedprocess] [info] Scanned user extensions: 0
[2019-03-09 21:41:29.517] [sharedprocess] [info] Downloaded extension: ms-python.python /tmp/79a5e0a9-3716-4f47-a2de-7c439e63596e
[2019-03-09 21:41:30.786] [sharedprocess] [info] Extracted extension to /home/jason/.vscode/extensions/.ms-python.python-2019.2.5558: ms-python.python
[2019-03-09 21:41:30.787] [sharedprocess] [info] Renamed to /home/jason/.vscode/extensions/ms-python.python-2019.2.5558
[2019-03-09 21:41:30.793] [sharedprocess] [info] Installation completed. ms-python.python
[2019-03-09 21:41:30.818] [sharedprocess] [info] Extensions installed successfully: ms-python.python
[2019-03-09 21:41:36.520] [sharedprocess] [info] Scanned user extensions: 1
[2019-03-09 21:41:36.523] [sharedprocess] [info] Scanned user extensions: 1
[2019-03-09 21:41:36.525] [sharedprocess] [info] Scanned user extensions: 1
[2019-03-09 21:41:36.528] [sharedprocess] [info] Scanned user extensions: 1
[2019-03-09 21:41:36.530] [sharedprocess] [info] Scanned user extensions: 1
[2019-03-09 21:41:36.619] [sharedprocess] [info] Scanned system extensions: 71
[2019-03-09 21:41:36.625] [sharedprocess] [info] Scanned system extensions: 71
[2019-03-09 21:41:36.632] [sharedprocess] [info] Scanned system extensions: 71
[2019-03-09 21:41:36.639] [sharedprocess] [info] Scanned system extensions: 71
[2019-03-09 21:41:39.173] [sharedprocess] [info] Scanned user extensions: 1
